Build started 10/29/2015 12:40:37 AM.
     1>Project "C:\work\BRServerGit\Server\Lib\ServerSystem\ServerSystem.vcxproj" on node 4 (Build target(s)).
     1>ClCompile:
         C:\Program Files (x86)\Microsoft Visual Studio 14.0\VC\bin\CL.exe /c /I.\ /I..\..\Lib /I..\..\..\External /I..\..\..\External\libxml\include /I..\..\..\External\include /I..\..\..\External\jsoncpp\include /I..\..\..\External\curl7.41\include /I"..\..\..\External\mysql-connector-c-6.1.6-winx64\include" /ZI /nologo /W3 /WX- /Od /Oi /Oy- /D WIN32 /D _DEBUG /D _LIB /D SR_SERVER /D HAVE_CONFIG_H /D HAVE_WIN32_THREADS /D _UNICODE /D UNICODE /D HAVE_CONFIG_H /D HAVE_WIN32_THREADS /D CURL_STATICLIB /D NOMINMAX /D _UNICODE /D UNICODE /D _VARIADIC_MAX=10 /D _UNICODE /D UNICODE /Gm /EHsc /RTC1 /MTd /GS /fp:precise /Zc:wchar_t /Zc:forScope /Zc:inline /Yc"stdafx.h" /Fp"Win32Debug\ServerSystem.pch" /Fo"Win32Debug\\" /Fd"Win32Debug\ServerSystem.pdb" /Gd /TP /analyze- /errorReport:prompt /Ym0x30000000 stdafx.cpp
         stdafx.cpp
         C:\Program Files (x86)\Microsoft Visual Studio 14.0\VC\bin\CL.exe /c /I.\ /I..\..\Lib /I..\..\..\External /I..\..\..\External\libxml\include /I..\..\..\External\include /I..\..\..\External\jsoncpp\include /I..\..\..\External\curl7.41\include /I"..\..\..\External\mysql-connector-c-6.1.6-winx64\include" /ZI /nologo /W3 /WX- /Od /Oi /Oy- /D WIN32 /D _DEBUG /D _LIB /D SR_SERVER /D HAVE_CONFIG_H /D HAVE_WIN32_THREADS /D _UNICODE /D UNICODE /D HAVE_CONFIG_H /D HAVE_WIN32_THREADS /D CURL_STATICLIB /D NOMINMAX /D _UNICODE /D UNICODE /D _VARIADIC_MAX=10 /D _UNICODE /D UNICODE /Gm /EHsc /RTC1 /MTd /GS /fp:precise /Zc:wchar_t /Zc:forScope /Zc:inline /Yu"stdafx.h" /Fp"Win32Debug\ServerSystem.pch" /Fo"Win32Debug\\" /Fd"Win32Debug\ServerSystem.pdb" /Gd /TP /analyze- /errorReport:prompt /Ym0x30000000 Entity.cpp EntityManager.cpp EntityTable.cpp EntityTimerActions.cpp EventTask.cpp ExternalTransactionManager.cpp ExternalTransaction.cpp GameLog\ChattingHistory.cpp Google\GoogleAndroidDeveloperAPI.cpp Google\GoogleOAuth.cpp LoopbackConnection.cpp MasterEntity.cpp ParallelTransaction.cpp PerformanceCounter\PerformanceCounter.cpp PerformanceCounter\PerformanceCounterClient.cpp PerformanceCounter\PerformanceCounterInstance.cpp PerformanceCounter\PerformanceCounterServer.cpp PlayerEntityInformation.cpp ServerComponent.cpp ServerEntity.cpp ServerEntityManager.cpp ServerEntity\EntityServerEntity.cpp ServerEntity\GameServerEntity.cpp ServerEntity\GameMasterServerEntity.cpp ServerService\ClusterServerService.cpp ServerService\EntityServerService.cpp ServerService\GameInstanceManagerService.cpp ServerService\GameInstanceService.cpp ServerService\GameMasterServerService.cpp ServerService\GamePartyManagerService.cpp ServerService\GamePartyService.cpp ServerService\GameServerService.cpp ServerService\LoginServerService.cpp ServerService\PartyMatchingQueueService.cpp ServerService\PartyMatchingService.cpp ServerService\ServerService.cpp ServiceEntity\ClusteredServiceEntity.cpp ServiceEntity\ClusterManagerServiceEntity.cpp ServiceEntity\ClusterManagerServiceTrans.cpp ServiceEntity\ClusterServiceTrans.cpp ServiceEntity\EntityInformation.cpp ServiceEntity\GameClusterServiceEntity.cpp ServiceEntity\GameClusterServiceTrans.cpp ServiceEntity\GameInstanceManagerServiceEntity.cpp ServiceEntity\GameInstanceManagerServiceTrans.cpp ServiceEntity\GamePartyEntity.cpp ServiceEntity\GamePartyEntityTrans.cpp ServiceEntity\GamePartyManagerServiceEntity.cpp ServiceEntity\GamePartyManagerServiceTrans.cpp ServiceEntity\LoginClusterServiceEntity.cpp ServiceEntity\MatchingQueueServiceEntity.cpp ServiceEntity\MatchingQueueServiceTrans.cpp ServiceEntity\MatchingServiceEntity.cpp ServiceEntity\MatchingServiceTrans.cpp ServiceEntity\MatchingServiceUtil.cpp ServiceEntity\MonitoringServiceEntity.cpp ServiceEntity\MonitoringServiceTrans.cpp ServiceEntity\RankingServiceEntity.cpp ServiceEntity\RankingServiceTrans.cpp ServiceEntity\ServiceEntity.cpp SimpleEntity.cpp SimpleUserEntity.cpp BRServer.cpp BRService.cpp SvrConfig.cpp SvrConst.cpp SvrTrace.cpp SvrTypes.cpp Task.cpp TaskManager.cpp TimeScheduler.cpp Transaction.cpp Transaction\ServerTransactionGeneric.cpp
         ServerTransactionGeneric.cpp
     1>c:\work\brservergit\server\lib\common\stackpool.h(29): warning C4359: 'BR::StackPool': Alignment specifier is less than actual alignment (16), and will be ignored.
     1>c:\work\brservergit\server\lib\common\memorypool.h(123): warning C4359: 'BR::MemoryPool': Alignment specifier is less than actual alignment (16), and will be ignored.
     1>c:\work\brservergit\server\lib\common\objectpool.h(162): warning C4359: 'BR::ObjectPoolMT': Alignment specifier is less than actual alignment (16), and will be ignored.
         Transaction.cpp
     1>c:\work\brservergit\server\lib\common\stackpool.h(29): warning C4359: 'BR::StackPool': Alignment specifier is less than actual alignment (16), and will be ignored.
     1>c:\work\brservergit\server\lib\common\memorypool.h(123): warning C4359: 'BR::MemoryPool': Alignment specifier is less than actual alignment (16), and will be ignored.
     1>c:\work\brservergit\server\lib\common\objectpool.h(162): warning C4359: 'BR::ObjectPoolMT': Alignment specifier is less than actual alignment (16), and will be ignored.
         TimeScheduler.cpp
     1>c:\work\brservergit\server\lib\common\stackpool.h(29): warning C4359: 'BR::StackPool': Alignment specifier is less than actual alignment (16), and will be ignored.
     1>c:\work\brservergit\server\lib\common\memorypool.h(123): warning C4359: 'BR::MemoryPool': Alignment specifier is less than actual alignment (16), and will be ignored.
     1>c:\work\brservergit\server\lib\common\objectpool.h(162): warning C4359: 'BR::ObjectPoolMT': Alignment specifier is less than actual alignment (16), and will be ignored.
         TaskManager.cpp
     1>c:\work\brservergit\server\lib\common\stackpool.h(29): warning C4359: 'BR::StackPool': Alignment specifier is less than actual alignment (16), and will be ignored.
     1>c:\work\brservergit\server\lib\common\memorypool.h(123): warning C4359: 'BR::MemoryPool': Alignment specifier is less than actual alignment (16), and will be ignored.
     1>c:\work\brservergit\server\lib\common\objectpool.h(162): warning C4359: 'BR::ObjectPoolMT': Alignment specifier is less than actual alignment (16), and will be ignored.
         Task.cpp
     1>c:\work\brservergit\server\lib\common\stackpool.h(29): warning C4359: 'BR::StackPool': Alignment specifier is less than actual alignment (16), and will be ignored.
     1>c:\work\brservergit\server\lib\common\memorypool.h(123): warning C4359: 'BR::MemoryPool': Alignment specifier is less than actual alignment (16), and will be ignored.
     1>c:\work\brservergit\server\lib\common\objectpool.h(162): warning C4359: 'BR::ObjectPoolMT': Alignment specifier is less than actual alignment (16), and will be ignored.
         SvrTypes.cpp
         SvrTrace.cpp
         SvrConst.cpp
         SvrConfig.cpp
         BRService.cpp
     1>c:\work\brservergit\server\lib\common\stackpool.h(29): warning C4359: 'BR::StackPool': Alignment specifier is less than actual alignment (16), and will be ignored.
     1>c:\work\brservergit\server\lib\common\memorypool.h(123): warning C4359: 'BR::MemoryPool': Alignment specifier is less than actual alignment (16), and will be ignored.
     1>c:\work\brservergit\server\lib\common\objectpool.h(162): warning C4359: 'BR::ObjectPoolMT': Alignment specifier is less than actual alignment (16), and will be ignored.
         BRServer.cpp
     1>c:\work\brservergit\server\lib\common\stackpool.h(29): warning C4359: 'BR::StackPool': Alignment specifier is less than actual alignment (16), and will be ignored.
     1>c:\work\brservergit\server\lib\common\memorypool.h(123): warning C4359: 'BR::MemoryPool': Alignment specifier is less than actual alignment (16), and will be ignored.
     1>c:\work\brservergit\server\lib\common\objectpool.h(162): warning C4359: 'BR::ObjectPoolMT': Alignment specifier is less than actual alignment (16), and will be ignored.
     1>c:\work\brservergit\server\lib\serversystem\brserver.cpp(567): warning C4316: 'BR::Net::ServerPeerTCP': object allocated on the heap may not be aligned 16
     1>c:\work\brservergit\server\lib\common\hashtable2.h(197): warning C4018: '<': signed/unsigned mismatch
         c:\work\brservergit\server\lib\common\hashtable2.h(195): note: while compiling class template member function 'void BR::Hash::HashTable2<UINT,BR::SharedPointerT<BR::Svr::Entity>,BR::Hash::UniqueKeyTrait,BR::ThreadSyncTraitReadWriteT<KeyType,ItemType>,BR::Hash::hash<KeyType>>::SetBucketCount(size_t)'
                 with
                 [
                     KeyType=UINT,
                     ItemType=BR::SharedPointerT<BR::Svr::Entity>
                 ]
         c:\work\brservergit\server\lib\common\hashtable2.h(183): note: see reference to function template instantiation 'void BR::Hash::HashTable2<UINT,BR::SharedPointerT<BR::Svr::Entity>,BR::Hash::UniqueKeyTrait,BR::ThreadSyncTraitReadWriteT<KeyType,ItemType>,BR::Hash::hash<KeyType>>::SetBucketCount(size_t)' being compiled
                 with
                 [
                     KeyType=UINT,
                     ItemType=BR::SharedPointerT<BR::Svr::Entity>
                 ]
         c:\work\brservergit\server\lib\serversystem\entitytable.h(46): note: see reference to class template instantiation 'BR::Hash::HashTable2<UINT,BR::SharedPointerT<BR::Svr::Entity>,BR::Hash::UniqueKeyTrait,BR::ThreadSyncTraitReadWriteT<KeyType,ItemType>,BR::Hash::hash<KeyType>>' being compiled
                 with
                 [
                     KeyType=UINT,
                     ItemType=BR::SharedPointerT<BR::Svr::Entity>
                 ]
         SimpleUserEntity.cpp
     1>c:\work\brservergit\server\lib\common\stackpool.h(29): warning C4359: 'BR::StackPool': Alignment specifier is less than actual alignment (16), and will be ignored.
     1>c:\work\brservergit\server\lib\common\memorypool.h(123): warning C4359: 'BR::MemoryPool': Alignment specifier is less than actual alignment (16), and will be ignored.
     1>c:\work\brservergit\server\lib\common\objectpool.h(162): warning C4359: 'BR::ObjectPoolMT': Alignment specifier is less than actual alignment (16), and will be ignored.
     1>c:\work\brservergit\server\lib\serversystem\simpleuserentity.cpp(248): warning C4018: '<': signed/unsigned mismatch
     1>c:\work\brservergit\server\lib\serversystem\simpleuserentity.cpp(261): warning C4018: '<': signed/unsigned mismatch
         SimpleEntity.cpp
     1>c:\work\brservergit\server\lib\common\stackpool.h(29): warning C4359: 'BR::StackPool': Alignment specifier is less than actual alignment (16), and will be ignored.
     1>c:\work\brservergit\server\lib\common\memorypool.h(123): warning C4359: 'BR::MemoryPool': Alignment specifier is less than actual alignment (16), and will be ignored.
     1>c:\work\brservergit\server\lib\common\objectpool.h(162): warning C4359: 'BR::ObjectPoolMT': Alignment specifier is less than actual alignment (16), and will be ignored.
     1>c:\work\brservergit\server\lib\serversystem\simpleentity.cpp(99): warning C4018: '<': signed/unsigned mismatch
         ServiceEntity.cpp
     1>c:\work\brservergit\server\lib\common\stackpool.h(29): warning C4359: 'BR::StackPool': Alignment specifier is less than actual alignment (16), and will be ignored.
     1>c:\work\brservergit\server\lib\common\memorypool.h(123): warning C4359: 'BR::MemoryPool': Alignment specifier is less than actual alignment (16), and will be ignored.
     1>c:\work\brservergit\server\lib\common\objectpool.h(162): warning C4359: 'BR::ObjectPoolMT': Alignment specifier is less than actual alignment (16), and will be ignored.
         RankingServiceTrans.cpp
     1>c:\work\brservergit\server\lib\common\stackpool.h(29): warning C4359: 'BR::StackPool': Alignment specifier is less than actual alignment (16), and will be ignored.
     1>c:\work\brservergit\server\lib\common\memorypool.h(123): warning C4359: 'BR::MemoryPool': Alignment specifier is less than actual alignment (16), and will be ignored.
     1>c:\work\brservergit\server\lib\common\objectpool.h(162): warning C4359: 'BR::ObjectPoolMT': Alignment specifier is less than actual alignment (16), and will be ignored.
         RankingServiceEntity.cpp
     1>c:\work\brservergit\server\lib\common\stackpool.h(29): warning C4359: 'BR::StackPool': Alignment specifier is less than actual alignment (16), and will be ignored.
     1>c:\work\brservergit\server\lib\common\memorypool.h(123): warning C4359: 'BR::MemoryPool': Alignment specifier is less than actual alignment (16), and will be ignored.
     1>c:\work\brservergit\server\lib\common\objectpool.h(162): warning C4359: 'BR::ObjectPoolMT': Alignment specifier is less than actual alignment (16), and will be ignored.
         MonitoringServiceTrans.cpp
     1>c:\work\brservergit\server\lib\common\stackpool.h(29): warning C4359: 'BR::StackPool': Alignment specifier is less than actual alignment (16), and will be ignored.
     1>c:\work\brservergit\server\lib\common\memorypool.h(123): warning C4359: 'BR::MemoryPool': Alignment specifier is less than actual alignment (16), and will be ignored.
     1>c:\work\brservergit\server\lib\common\objectpool.h(162): warning C4359: 'BR::ObjectPoolMT': Alignment specifier is less than actual alignment (16), and will be ignored.
         MonitoringServiceEntity.cpp
     1>c:\work\brservergit\server\lib\common\stackpool.h(29): warning C4359: 'BR::StackPool': Alignment specifier is less than actual alignment (16), and will be ignored.
     1>c:\work\brservergit\server\lib\common\memorypool.h(123): warning C4359: 'BR::MemoryPool': Alignment specifier is less than actual alignment (16), and will be ignored.
     1>c:\work\brservergit\server\lib\common\objectpool.h(162): warning C4359: 'BR::ObjectPoolMT': Alignment specifier is less than actual alignment (16), and will be ignored.
         MatchingServiceUtil.cpp
     1>c:\work\brservergit\server\lib\common\stackpool.h(29): warning C4359: 'BR::StackPool': Alignment specifier is less than actual alignment (16), and will be ignored.
     1>c:\work\brservergit\server\lib\common\memorypool.h(123): warning C4359: 'BR::MemoryPool': Alignment specifier is less than actual alignment (16), and will be ignored.
     1>c:\work\brservergit\server\lib\common\objectpool.h(162): warning C4359: 'BR::ObjectPoolMT': Alignment specifier is less than actual alignment (16), and will be ignored.
         MatchingServiceTrans.cpp
     1>c:\work\brservergit\server\lib\common\stackpool.h(29): warning C4359: 'BR::StackPool': Alignment specifier is less than actual alignment (16), and will be ignored.
     1>c:\work\brservergit\server\lib\common\memorypool.h(123): warning C4359: 'BR::MemoryPool': Alignment specifier is less than actual alignment (16), and will be ignored.
     1>c:\work\brservergit\server\lib\common\objectpool.h(162): warning C4359: 'BR::ObjectPoolMT': Alignment specifier is less than actual alignment (16), and will be ignored.
     1>c:\work\brservergit\server\lib\serversystem\serviceentity\matchingservicetrans.cpp(279): warning C4018: '<': signed/unsigned mismatch
     1>c:\work\brservergit\server\lib\serversystem\serviceentity\matchingservicetrans.cpp(327): warning C4018: '<': signed/unsigned mismatch
     1>c:\work\brservergit\server\lib\serversystem\serviceentity\matchingservicetrans.cpp(398): warning C4018: '<': signed/unsigned mismatch
     1>c:\work\brservergit\server\lib\serversystem\serviceentity\matchingservicetrans.cpp(468): warning C4018: '<': signed/unsigned mismatch
         Generating Code...
         Compiling...
         MatchingServiceEntity.cpp
     1>c:\work\brservergit\server\lib\common\stackpool.h(29): warning C4359: 'BR::StackPool': Alignment specifier is less than actual alignment (16), and will be ignored.
     1>c:\work\brservergit\server\lib\common\memorypool.h(123): warning C4359: 'BR::MemoryPool': Alignment specifier is less than actual alignment (16), and will be ignored.
     1>c:\work\brservergit\server\lib\common\objectpool.h(162): warning C4359: 'BR::ObjectPoolMT': Alignment specifier is less than actual alignment (16), and will be ignored.
         MatchingQueueServiceTrans.cpp
     1>c:\work\brservergit\server\lib\common\stackpool.h(29): warning C4359: 'BR::StackPool': Alignment specifier is less than actual alignment (16), and will be ignored.
     1>c:\work\brservergit\server\lib\common\memorypool.h(123): warning C4359: 'BR::MemoryPool': Alignment specifier is less than actual alignment (16), and will be ignored.
     1>c:\work\brservergit\server\lib\common\objectpool.h(162): warning C4359: 'BR::ObjectPoolMT': Alignment specifier is less than actual alignment (16), and will be ignored.
         MatchingQueueServiceEntity.cpp
     1>c:\work\brservergit\server\lib\common\stackpool.h(29): warning C4359: 'BR::StackPool': Alignment specifier is less than actual alignment (16), and will be ignored.
     1>c:\work\brservergit\server\lib\common\memorypool.h(123): warning C4359: 'BR::MemoryPool': Alignment specifier is less than actual alignment (16), and will be ignored.
     1>c:\work\brservergit\server\lib\common\objectpool.h(162): warning C4359: 'BR::ObjectPoolMT': Alignment specifier is less than actual alignment (16), and will be ignored.
     1>c:\work\brservergit\server\lib\common\hashtable2.h(197): warning C4018: '<': signed/unsigned mismatch
         c:\work\brservergit\server\lib\common\hashtable2.h(195): note: while compiling class template member function 'void BR::Hash::HashTable2<UINT64,BR::Svr::MatchingQueueServiceEntity::QueueItem *,BR::Hash::UniqueKeyTrait,BR::ThreadSyncTraitReadWriteT<KeyType,ItemType>,BR::Hash::hash<ULONGLONG>>::SetBucketCount(size_t)'
                 with
                 [
                     KeyType=UINT64,
                     ItemType=BR::Svr::MatchingQueueServiceEntity::QueueItem *
                 ]
         c:\work\brservergit\server\lib\common\hashtable2.h(183): note: see reference to function template instantiation 'void BR::Hash::HashTable2<UINT64,BR::Svr::MatchingQueueServiceEntity::QueueItem *,BR::Hash::UniqueKeyTrait,BR::ThreadSyncTraitReadWriteT<KeyType,ItemType>,BR::Hash::hash<ULONGLONG>>::SetBucketCount(size_t)' being compiled
                 with
                 [
                     KeyType=UINT64,
                     ItemType=BR::Svr::MatchingQueueServiceEntity::QueueItem *
                 ]
         c:\work\brservergit\server\lib\serversystem\serviceentity\matchingqueueserviceentity.h(91): note: see reference to class template instantiation 'BR::Hash::HashTable2<UINT64,BR::Svr::MatchingQueueServiceEntity::QueueItem *,BR::Hash::UniqueKeyTrait,BR::ThreadSyncTraitReadWriteT<KeyType,ItemType>,BR::Hash::hash<ULONGLONG>>' being compiled
                 with
                 [
                     KeyType=UINT64,
                     ItemType=BR::Svr::MatchingQueueServiceEntity::QueueItem *
                 ]
         LoginClusterServiceEntity.cpp
     1>c:\work\brservergit\server\lib\common\stackpool.h(29): warning C4359: 'BR::StackPool': Alignment specifier is less than actual alignment (16), and will be ignored.
     1>c:\work\brservergit\server\lib\common\memorypool.h(123): warning C4359: 'BR::MemoryPool': Alignment specifier is less than actual alignment (16), and will be ignored.
     1>c:\work\brservergit\server\lib\common\objectpool.h(162): warning C4359: 'BR::ObjectPoolMT': Alignment specifier is less than actual alignment (16), and will be ignored.
         GamePartyManagerServiceTrans.cpp
     1>c:\work\brservergit\server\lib\common\stackpool.h(29): warning C4359: 'BR::StackPool': Alignment specifier is less than actual alignment (16), and will be ignored.
     1>c:\work\brservergit\server\lib\common\memorypool.h(123): warning C4359: 'BR::MemoryPool': Alignment specifier is less than actual alignment (16), and will be ignored.
     1>c:\work\brservergit\server\lib\common\objectpool.h(162): warning C4359: 'BR::ObjectPoolMT': Alignment specifier is less than actual alignment (16), and will be ignored.
         GamePartyManagerServiceEntity.cpp
     1>c:\work\brservergit\server\lib\common\stackpool.h(29): warning C4359: 'BR::StackPool': Alignment specifier is less than actual alignment (16), and will be ignored.
     1>c:\work\brservergit\server\lib\common\memorypool.h(123): warning C4359: 'BR::MemoryPool': Alignment specifier is less than actual alignment (16), and will be ignored.
     1>c:\work\brservergit\server\lib\common\objectpool.h(162): warning C4359: 'BR::ObjectPoolMT': Alignment specifier is less than actual alignment (16), and will be ignored.
         GamePartyEntityTrans.cpp
     1>c:\work\brservergit\server\lib\common\stackpool.h(29): warning C4359: 'BR::StackPool': Alignment specifier is less than actual alignment (16), and will be ignored.
     1>c:\work\brservergit\server\lib\common\memorypool.h(123): warning C4359: 'BR::MemoryPool': Alignment specifier is less than actual alignment (16), and will be ignored.
     1>c:\work\brservergit\server\lib\common\objectpool.h(162): warning C4359: 'BR::ObjectPoolMT': Alignment specifier is less than actual alignment (16), and will be ignored.
         GamePartyEntity.cpp
     1>c:\work\brservergit\server\lib\common\stackpool.h(29): warning C4359: 'BR::StackPool': Alignment specifier is less than actual alignment (16), and will be ignored.
     1>c:\work\brservergit\server\lib\common\memorypool.h(123): warning C4359: 'BR::MemoryPool': Alignment specifier is less than actual alignment (16), and will be ignored.
     1>c:\work\brservergit\server\lib\common\objectpool.h(162): warning C4359: 'BR::ObjectPoolMT': Alignment specifier is less than actual alignment (16), and will be ignored.
         GameInstanceManagerServiceTrans.cpp
     1>c:\work\brservergit\server\lib\common\stackpool.h(29): warning C4359: 'BR::StackPool': Alignment specifier is less than actual alignment (16), and will be ignored.
     1>c:\work\brservergit\server\lib\common\memorypool.h(123): warning C4359: 'BR::MemoryPool': Alignment specifier is less than actual alignment (16), and will be ignored.
     1>c:\work\brservergit\server\lib\common\objectpool.h(162): warning C4359: 'BR::ObjectPoolMT': Alignment specifier is less than actual alignment (16), and will be ignored.
         GameInstanceManagerServiceEntity.cpp
     1>c:\work\brservergit\server\lib\common\stackpool.h(29): warning C4359: 'BR::StackPool': Alignment specifier is less than actual alignment (16), and will be ignored.
     1>c:\work\brservergit\server\lib\common\memorypool.h(123): warning C4359: 'BR::MemoryPool': Alignment specifier is less than actual alignment (16), and will be ignored.
     1>c:\work\brservergit\server\lib\common\objectpool.h(162): warning C4359: 'BR::ObjectPoolMT': Alignment specifier is less than actual alignment (16), and will be ignored.
         GameClusterServiceTrans.cpp
     1>c:\work\brservergit\server\lib\common\stackpool.h(29): warning C4359: 'BR::StackPool': Alignment specifier is less than actual alignment (16), and will be ignored.
     1>c:\work\brservergit\server\lib\common\memorypool.h(123): warning C4359: 'BR::MemoryPool': Alignment specifier is less than actual alignment (16), and will be ignored.
     1>c:\work\brservergit\server\lib\common\objectpool.h(162): warning C4359: 'BR::ObjectPoolMT': Alignment specifier is less than actual alignment (16), and will be ignored.
         GameClusterServiceEntity.cpp
     1>c:\work\brservergit\server\lib\common\stackpool.h(29): warning C4359: 'BR::StackPool': Alignment specifier is less than actual alignment (16), and will be ignored.
     1>c:\work\brservergit\server\lib\common\memorypool.h(123): warning C4359: 'BR::MemoryPool': Alignment specifier is less than actual alignment (16), and will be ignored.
     1>c:\work\brservergit\server\lib\common\objectpool.h(162): warning C4359: 'BR::ObjectPoolMT': Alignment specifier is less than actual alignment (16), and will be ignored.
         EntityInformation.cpp
     1>c:\work\brservergit\server\lib\common\stackpool.h(29): warning C4359: 'BR::StackPool': Alignment specifier is less than actual alignment (16), and will be ignored.
     1>c:\work\brservergit\server\lib\common\memorypool.h(123): warning C4359: 'BR::MemoryPool': Alignment specifier is less than actual alignment (16), and will be ignored.
     1>c:\work\brservergit\server\lib\common\objectpool.h(162): warning C4359: 'BR::ObjectPoolMT': Alignment specifier is less than actual alignment (16), and will be ignored.
         ClusterServiceTrans.cpp
     1>c:\work\brservergit\server\lib\common\stackpool.h(29): warning C4359: 'BR::StackPool': Alignment specifier is less than actual alignment (16), and will be ignored.
     1>c:\work\brservergit\server\lib\common\memorypool.h(123): warning C4359: 'BR::MemoryPool': Alignment specifier is less than actual alignment (16), and will be ignored.
     1>c:\work\brservergit\server\lib\common\objectpool.h(162): warning C4359: 'BR::ObjectPoolMT': Alignment specifier is less than actual alignment (16), and will be ignored.
         ClusterManagerServiceTrans.cpp
     1>c:\work\brservergit\server\lib\common\stackpool.h(29): warning C4359: 'BR::StackPool': Alignment specifier is less than actual alignment (16), and will be ignored.
     1>c:\work\brservergit\server\lib\common\memorypool.h(123): warning C4359: 'BR::MemoryPool': Alignment specifier is less than actual alignment (16), and will be ignored.
     1>c:\work\brservergit\server\lib\common\objectpool.h(162): warning C4359: 'BR::ObjectPoolMT': Alignment specifier is less than actual alignment (16), and will be ignored.
         ClusterManagerServiceEntity.cpp
     1>c:\work\brservergit\server\lib\common\stackpool.h(29): warning C4359: 'BR::StackPool': Alignment specifier is less than actual alignment (16), and will be ignored.
     1>c:\work\brservergit\server\lib\common\memorypool.h(123): warning C4359: 'BR::MemoryPool': Alignment specifier is less than actual alignment (16), and will be ignored.
     1>c:\work\brservergit\server\lib\common\objectpool.h(162): warning C4359: 'BR::ObjectPoolMT': Alignment specifier is less than actual alignment (16), and will be ignored.
         ClusteredServiceEntity.cpp
     1>c:\work\brservergit\server\lib\common\stackpool.h(29): warning C4359: 'BR::StackPool': Alignment specifier is less than actual alignment (16), and will be ignored.
     1>c:\work\brservergit\server\lib\common\memorypool.h(123): warning C4359: 'BR::MemoryPool': Alignment specifier is less than actual alignment (16), and will be ignored.
     1>c:\work\brservergit\server\lib\common\objectpool.h(162): warning C4359: 'BR::ObjectPoolMT': Alignment specifier is less than actual alignment (16), and will be ignored.
         ServerService.cpp
     1>c:\work\brservergit\server\lib\common\stackpool.h(29): warning C4359: 'BR::StackPool': Alignment specifier is less than actual alignment (16), and will be ignored.
     1>c:\work\brservergit\server\lib\common\memorypool.h(123): warning C4359: 'BR::MemoryPool': Alignment specifier is less than actual alignment (16), and will be ignored.
     1>c:\work\brservergit\server\lib\common\objectpool.h(162): warning C4359: 'BR::ObjectPoolMT': Alignment specifier is less than actual alignment (16), and will be ignored.
         PartyMatchingService.cpp
     1>c:\work\brservergit\server\lib\common\stackpool.h(29): warning C4359: 'BR::StackPool': Alignment specifier is less than actual alignment (16), and will be ignored.
     1>c:\work\brservergit\server\lib\common\memorypool.h(123): warning C4359: 'BR::MemoryPool': Alignment specifier is less than actual alignment (16), and will be ignored.
     1>c:\work\brservergit\server\lib\common\objectpool.h(162): warning C4359: 'BR::ObjectPoolMT': Alignment specifier is less than actual alignment (16), and will be ignored.
         PartyMatchingQueueService.cpp
     1>c:\work\brservergit\server\lib\common\stackpool.h(29): warning C4359: 'BR::StackPool': Alignment specifier is less than actual alignment (16), and will be ignored.
     1>c:\work\brservergit\server\lib\common\memorypool.h(123): warning C4359: 'BR::MemoryPool': Alignment specifier is less than actual alignment (16), and will be ignored.
     1>c:\work\brservergit\server\lib\common\objectpool.h(162): warning C4359: 'BR::ObjectPoolMT': Alignment specifier is less than actual alignment (16), and will be ignored.
         Generating Code...
         Compiling...
         LoginServerService.cpp
     1>c:\work\brservergit\server\lib\common\stackpool.h(29): warning C4359: 'BR::StackPool': Alignment specifier is less than actual alignment (16), and will be ignored.
     1>c:\work\brservergit\server\lib\common\memorypool.h(123): warning C4359: 'BR::MemoryPool': Alignment specifier is less than actual alignment (16), and will be ignored.
     1>c:\work\brservergit\server\lib\common\objectpool.h(162): warning C4359: 'BR::ObjectPoolMT': Alignment specifier is less than actual alignment (16), and will be ignored.
         GameServerService.cpp
     1>c:\work\brservergit\server\lib\common\stackpool.h(29): warning C4359: 'BR::StackPool': Alignment specifier is less than actual alignment (16), and will be ignored.
     1>c:\work\brservergit\server\lib\common\memorypool.h(123): warning C4359: 'BR::MemoryPool': Alignment specifier is less than actual alignment (16), and will be ignored.
     1>c:\work\brservergit\server\lib\common\objectpool.h(162): warning C4359: 'BR::ObjectPoolMT': Alignment specifier is less than actual alignment (16), and will be ignored.
         GamePartyService.cpp
     1>c:\work\brservergit\server\lib\common\stackpool.h(29): warning C4359: 'BR::StackPool': Alignment specifier is less than actual alignment (16), and will be ignored.
     1>c:\work\brservergit\server\lib\common\memorypool.h(123): warning C4359: 'BR::MemoryPool': Alignment specifier is less than actual alignment (16), and will be ignored.
     1>c:\work\brservergit\server\lib\common\objectpool.h(162): warning C4359: 'BR::ObjectPoolMT': Alignment specifier is less than actual alignment (16), and will be ignored.
         GamePartyManagerService.cpp
     1>c:\work\brservergit\server\lib\common\stackpool.h(29): warning C4359: 'BR::StackPool': Alignment specifier is less than actual alignment (16), and will be ignored.
     1>c:\work\brservergit\server\lib\common\memorypool.h(123): warning C4359: 'BR::MemoryPool': Alignment specifier is less than actual alignment (16), and will be ignored.
     1>c:\work\brservergit\server\lib\common\objectpool.h(162): warning C4359: 'BR::ObjectPoolMT': Alignment specifier is less than actual alignment (16), and will be ignored.
         GameMasterServerService.cpp
     1>c:\work\brservergit\server\lib\common\stackpool.h(29): warning C4359: 'BR::StackPool': Alignment specifier is less than actual alignment (16), and will be ignored.
     1>c:\work\brservergit\server\lib\common\memorypool.h(123): warning C4359: 'BR::MemoryPool': Alignment specifier is less than actual alignment (16), and will be ignored.
     1>c:\work\brservergit\server\lib\common\objectpool.h(162): warning C4359: 'BR::ObjectPoolMT': Alignment specifier is less than actual alignment (16), and will be ignored.
         GameInstanceService.cpp
     1>c:\work\brservergit\server\lib\common\stackpool.h(29): warning C4359: 'BR::StackPool': Alignment specifier is less than actual alignment (16), and will be ignored.
     1>c:\work\brservergit\server\lib\common\memorypool.h(123): warning C4359: 'BR::MemoryPool': Alignment specifier is less than actual alignment (16), and will be ignored.
     1>c:\work\brservergit\server\lib\common\objectpool.h(162): warning C4359: 'BR::ObjectPoolMT': Alignment specifier is less than actual alignment (16), and will be ignored.
     1>Done Building Project "C:\work\BRServerGit\Server\Lib\ServerSystem\ServerSystem.vcxproj" (Build target(s)) -- FAILED.

Build FAILED.

Time Elapsed 00:00:24.96
