Build started 2015-07-07 오후 11:51:40.
     1>Project "F:\fwork\BRServer\BRServer\Server\Lib\Protocol\Protocol.vcxproj" on node 2 (Build target(s)).
     1>CustomBuild:
         Protocol Build ProtocolEntityServer
         Work Done!
         Protocol Build ProtocolGame
         Work Done!
         CSharp\GameMsgClass.cs
         CSharp\GamePolicy.cs
         CSharp\LoginMsgClass.cs
         CSharp\LoginPolicy.cs
                 4 file(s) copied.
         Protocol Build ProtocolLogin
         Work Done!
         CSharp\GameMsgClass.cs
         CSharp\GamePolicy.cs
         CSharp\LoginMsgClass.cs
         CSharp\LoginPolicy.cs
                 4 file(s) copied.
         Protocol Build ProtocolLoginServer
         Work Done!
         Protocol Build ProtocolGameServer
         Work Done!
         Protocol Build ProtocolGameMasterServer
         Work Done!
         Build ProtocolGameParty.xml
         Work Done!
         Protocol Build ProtocolServer
         Work Done!
         Build ProtocolClusterServer.xml
         Work Done!
         Build ProtocolPartyMatchingQueue.xml
         Work Done!
         Build ProtocolGameInstanceManager.xml
         Work Done!
         Build ProtocolGamePartyManager.xml
         Work Done!
         Build ProtocolRanking.xml
         Work Done!
         Build ProtocolMonitoring.xml
         Work Done!
       ClCompile:
         C:\Program Files (x86)\Microsoft Visual Studio 12.0\VC\bin\x86_amd64\CL.exe /c /I.\ /I..\..\Lib /I..\..\..\External /I..\..\..\External\libxml\include /I.\ /I..\..\Lib /I..\..\..\External /I..\..\..\External\libxml\include /I..\..\..\External\include /I..\..\..\External\jsoncpp\include /I..\..\..\External\curl7.41\include /I"..\..\..\External\MYSQLConnectorC-6.1.6\include" /Zi /nologo /W3 /WX- /Od /Oi /Oy- /D WIN64 /D _DEBUG /D _LIB /D SR_SERVER /D HAVE_CONFIG_H /D HAVE_WIN32_THREADS /D _UNICODE /D UNICODE /D HAVE_CONFIG_H /D HAVE_WIN32_THREADS /D CURL_STATICLIB /D NOMINMAX /D _UNICODE /D UNICODE /D _VARIADIC_MAX=10 /D _MBCS /Gm /EHsc /RTC1 /MDd /GS /fp:precise /Zc:wchar_t /Zc:forScope /Yu"stdafx.h" /Fp"x64Debug\Protocol.pch" /Fo"x64Debug\\" /Fd"x64Debug\vc120.pdb" /Gd /TP /errorReport:prompt /Ym0x30000000 Message\LoginMsgClass.cpp Message\LoginMsgDebug.cpp Policy\LoginNetPolicy.cpp
         LoginNetPolicy.cpp
         LoginMsgClass.cpp
         Generating Code...
         Compiling...
         LoginMsgDebug.cpp
         Generating Code...
       Lib:
         C:\Program Files (x86)\Microsoft Visual Studio 12.0\VC\bin\x86_amd64\Lib.exe /OUT:"F:\fwork\BRServer\BRServer\Server\Lib\Protocol\../../bin/lib/x64Debug\Protocol.lib" /NOLOGO /MACHINE:X64 x64Debug\ClusterServerMsgClass.obj
         x64Debug\ClusterServerMsgDebug.obj
         x64Debug\EntityServerMsgClass.obj
         x64Debug\EntityServerMsgDebug.obj
         x64Debug\GameInstanceManagerMsgClass.obj
         x64Debug\GameInstanceManagerMsgDebug.obj
         x64Debug\GameInstanceMsgClass.obj
         x64Debug\GameInstanceMsgDebug.obj
         x64Debug\GameMasterServerMsgClass.obj
         x64Debug\GameMasterServerMsgDebug.obj
         x64Debug\GameMsgClass.obj
         x64Debug\GameMsgDebug.obj
         x64Debug\GamePartyManagerMsgClass.obj
         x64Debug\GamePartyManagerMsgDebug.obj
         x64Debug\GamePartyMsgClass.obj
         x64Debug\GamePartyMsgDebug.obj
         x64Debug\GameServerMsgClass.obj
         x64Debug\GameServerMsgDebug.obj
         x64Debug\GenericMsgClass.obj
         x64Debug\LoginMsgClass.obj
         x64Debug\LoginMsgDebug.obj
         x64Debug\LoginServerMsgClass.obj
         x64Debug\LoginServerMsgDebug.obj
         x64Debug\MonitoringMsgClass.obj
         x64Debug\MonitoringMsgDebug.obj
         x64Debug\PartyMatchingMsgClass.obj
         x64Debug\PartyMatchingMsgDebug.obj
         x64Debug\PartyMatchingQueueMsgClass.obj
         x64Debug\PartyMatchingQueueMsgDebug.obj
         x64Debug\RankingMsgClass.obj
         x64Debug\RankingMsgDebug.obj
         x64Debug\ServerMsgClass.obj
         x64Debug\ServerMsgDebug.obj
         x64Debug\ClusterServerNetPolicy.obj
         x64Debug\EntityServerNetPolicy.obj
         x64Debug\GameInstanceManagerNetPolicy.obj
         x64Debug\GameInstanceNetPolicy.obj
         x64Debug\GameMasterServerNetPolicy.obj
         x64Debug\GameNetPolicy.obj
         x64Debug\GamePartyManagerNetPolicy.obj
         x64Debug\GamePartyNetPolicy.obj
         x64Debug\GameServerNetPolicy.obj
         x64Debug\LoginNetPolicy.obj
         x64Debug\LoginServerNetPolicy.obj
         x64Debug\MonitoringNetPolicy.obj
         x64Debug\PartyMatchingNetPolicy.obj
         x64Debug\PartyMatchingQueueNetPolicy.obj
         x64Debug\RankingNetPolicy.obj
         x64Debug\ServerNetPolicy.obj
         x64Debug\ProtocolTrace.obj
         x64Debug\stdafx.obj
         Protocol.vcxproj -> F:\fwork\BRServer\BRServer\Server\Lib\Protocol\../../bin/lib/x64Debug\Protocol.lib
     1>Done Building Project "F:\fwork\BRServer\BRServer\Server\Lib\Protocol\Protocol.vcxproj" (Build target(s)).

Build succeeded.

Time Elapsed 00:00:03.78
