Build started 2015-04-20 오후 8:59:45.
     1>Project "F:\fwork\BRServer\BRServer\Server\Lib\Protocol\Protocol.vcxproj" on node 2 (Build target(s)).
     1>CustomBuild:
         Protocol Build ProtocolGame
         '..\..\bin\tools\ProtocolBuilder' is not recognized as an internal or external command,
         operable program or batch file.
         Protocol Build ProtocolLogin
         '..\..\bin\tools\ProtocolBuilder' is not recognized as an internal or external command,
         operable program or batch file.
         Performing Custom Build Tools
         '..\..\bin\tools\ProtocolBuilder' is not recognized as an internal or external command,
         operable program or batch file.
         Build ProtocolGameParty.xml
         '..\..\bin\tools\ProtocolBuilder' is not recognized as an internal or external command,
         operable program or batch file.
         Build ProtocolClusterServer.xml
         '..\..\bin\tools\ProtocolBuilder' is not recognized as an internal or external command,
         operable program or batch file.
         Build ProtocolPartyMatching.xml
         '..\..\bin\tools\ProtocolBuilder' is not recognized as an internal or external command,
         operable program or batch file.
         Build ProtocolPartyMatchingQueue.xml
         '..\..\bin\tools\ProtocolBuilder' is not recognized as an internal or external command,
         operable program or batch file.
         Build ProtocolGameInstance.xml
         '..\..\bin\tools\ProtocolBuilder' is not recognized as an internal or external command,
         operable program or batch file.
         Build ProtocolGameInstanceManager.xml
         '..\..\bin\tools\ProtocolBuilder' is not recognized as an internal or external command,
         operable program or batch file.
         Build ProtocolGamePartyManager.xml
         '..\..\bin\tools\ProtocolBuilder' is not recognized as an internal or external command,
         operable program or batch file.
         Build ProtocolRanking.xml
         '..\..\bin\tools\ProtocolBuilder' is not recognized as an internal or external command,
         operable program or batch file.
         Build ProtocolMonitoring.xml
         '..\..\bin\tools\ProtocolBuilder' is not recognized as an internal or external command,
         operable program or batch file.
     1>C:\Program Files (x86)\MSBuild\Microsoft.Cpp\v4.0\V120\Microsoft.CppCommon.targets(170,5): error MSB6006: "cmd.exe" exited with code 9009.
     1>Done Building Project "F:\fwork\BRServer\BRServer\Server\Lib\Protocol\Protocol.vcxproj" (Build target(s)) -- FAILED.

Build FAILED.

Time Elapsed 00:00:00.06
