Build started 2015-07-10 오후 8:54:36.
     1>Project "F:\fwork\BRServer\BRServer\Server\Lib\Table\Table.vcxproj" on node 2 (Build target(s)).
     1>ClCompile:
         C:\Program Files (x86)\Microsoft Visual Studio 12.0\VC\bin\x86_amd64\CL.exe /c /I..\Common /I.\ /I..\..\Lib /I..\..\..\External /I..\..\..\External\libxml\include /I..\..\..\External\include /I..\..\..\External\jsoncpp\include /I..\..\..\External\curl7.41\include /I"..\..\..\External\MYSQLConnectorC-6.1.6\include" /Zi /nologo /W3 /WX- /Od /Oi /Oy- /D WIN64 /D _DEBUG /D _LIB /D SR_SERVER /D HAVE_CONFIG_H /D HAVE_WIN32_THREADS /D _UNICODE /D UNICODE /D HAVE_CONFIG_H /D HAVE_WIN32_THREADS /D CURL_STATICLIB /D NOMINMAX /D _UNICODE /D UNICODE /D _VARIADIC_MAX=10 /D _MBCS /Gm /EHsc /RTC1 /MDd /GS /fp:precise /Zc:wchar_t /Zc:forScope /Yu"stdafx.h" /Fp"x64Debug\Table.pch" /Fo"x64Debug\\" /Fd"x64Debug\vc120.pdb" /Gd /TP /errorReport:prompt /Ym0x30000000 TableSystem.cpp conspiracy\GameConfigTbl.cpp conspiracy\LevelTbl.cpp conspiracy\OrganicTbl.cpp conspiracy\RewardTbl.cpp conspiracy\ShopTbl.cpp
         ShopTbl.cpp
         RewardTbl.cpp
         OrganicTbl.cpp
         LevelTbl.cpp
         GameConfigTbl.cpp
         Generating Code...
         Compiling...
         TableSystem.cpp
         Generating Code...
       Lib:
         C:\Program Files (x86)\Microsoft Visual Studio 12.0\VC\bin\x86_amd64\Lib.exe /OUT:"F:\fwork\BRServer\BRServer\Server\Lib\Table\../../bin/lib/x64Debug\Table.lib" /NOLOGO /MACHINE:X64 x64Debug\GameConfigTbl.obj
         x64Debug\LevelTbl.obj
         x64Debug\OrganicTbl.obj
         x64Debug\RewardTbl.obj
         x64Debug\ShopTbl.obj
         x64Debug\stdafx.obj
         x64Debug\TableSystem.obj
         Table.vcxproj -> F:\fwork\BRServer\BRServer\Server\Lib\Table\../../bin/lib/x64Debug\Table.lib
     1>Done Building Project "F:\fwork\BRServer\BRServer\Server\Lib\Table\Table.vcxproj" (Build target(s)).

Build succeeded.

Time Elapsed 00:00:06.88
