Build started 10/29/2015 12:40:37 AM.
     1>Project "C:\work\BRServerGit\Server\Lib\Net\Net.vcxproj" on node 3 (Build target(s)).
     1>ClCompile:
         C:\Program Files (x86)\Microsoft Visual Studio 14.0\VC\bin\CL.exe /c /I.\ /I..\..\Lib /I..\..\..\External /I..\..\..\External\libxml\include /I..\..\..\External\include /I..\..\..\External\jsoncpp\include /I..\..\..\External\curl7.41\include /I"..\..\..\External\mysql-connector-c-6.1.6-winx64\include" /ZI /nologo /W3 /WX- /Od /Oi /Oy- /D WIN32 /D _DEBUG /D _LIB /D HAVE_CONFIG_H /D HAVE_WIN32_THREADS /D CURL_STATICLIB /D NOMINMAX /D _UNICODE /D UNICODE /D _VARIADIC_MAX=10 /D _UNICODE /D UNICODE /Gm /EHsc /RTC1 /MTd /GS /fp:precise /Zc:wchar_t /Zc:forScope /Zc:inline /Yc"stdafx.h" /Fp"Win32Debug\Net.pch" /Fo"Win32Debug\\" /Fd"Win32Debug\Net.pdb" /Gd /TP /analyze- /errorReport:prompt /Ym0x30000000 stdafx.cpp
         stdafx.cpp
         C:\Program Files (x86)\Microsoft Visual Studio 14.0\VC\bin\CL.exe /c /I.\ /I..\..\Lib /I..\..\..\External /I..\..\..\External\libxml\include /I..\..\..\External\include /I..\..\..\External\jsoncpp\include /I..\..\..\External\curl7.41\include /I"..\..\..\External\mysql-connector-c-6.1.6-winx64\include" /ZI /nologo /W3 /WX- /Od /Oi /Oy- /D WIN32 /D _DEBUG /D _LIB /D HAVE_CONFIG_H /D HAVE_WIN32_THREADS /D CURL_STATICLIB /D NOMINMAX /D _UNICODE /D UNICODE /D _VARIADIC_MAX=10 /D _UNICODE /D UNICODE /Gm /EHsc /RTC1 /MTd /GS /fp:precise /Zc:wchar_t /Zc:forScope /Zc:inline /Yu"stdafx.h" /Fp"Win32Debug\Net.pch" /Fo"Win32Debug\\" /Fd"Win32Debug\Net.pdb" /Gd /TP /analyze- /errorReport:prompt /Ym0x30000000 Connection.cpp ConnectionManager.cpp ConnectionMUDP.cpp ConnectionPeerTCP.cpp ConnectionTCP.cpp ConnectionUDP.cpp Connection_PrintMessage.cpp LoopbackConnection.cpp MessageWindow.cpp NetClient.cpp NetConnectionTask.cpp NetDef.cpp NetCtrl.cpp NetPolicy.cpp NetRawUDP.cpp NetServer.cpp NetServerMUDP.cpp NetServerPeer.cpp NetServerPeerTCP.cpp NetServerTCP.cpp NetServerUDP.cpp NetSvrDef.cpp NetSystem.cpp NetToString.cpp NetTrace.cpp
         NetTrace.cpp
         NetToString.cpp
         NetSystem.cpp
     1>c:\work\brservergit\server\lib\common\stackpool.h(29): warning C4359: 'BR::StackPool': Alignment specifier is less than actual alignment (16), and will be ignored.
     1>c:\work\brservergit\server\lib\common\memorypool.h(123): warning C4359: 'BR::MemoryPool': Alignment specifier is less than actual alignment (16), and will be ignored.
     1>c:\work\brservergit\server\lib\common\objectpool.h(162): warning C4359: 'BR::ObjectPoolMT': Alignment specifier is less than actual alignment (16), and will be ignored.
         NetSvrDef.cpp
     1>c:\work\brservergit\server\lib\common\stackpool.h(29): warning C4359: 'BR::StackPool': Alignment specifier is less than actual alignment (16), and will be ignored.
     1>c:\work\brservergit\server\lib\common\memorypool.h(123): warning C4359: 'BR::MemoryPool': Alignment specifier is less than actual alignment (16), and will be ignored.
     1>c:\work\brservergit\server\lib\common\objectpool.h(162): warning C4359: 'BR::ObjectPoolMT': Alignment specifier is less than actual alignment (16), and will be ignored.
         NetServerUDP.cpp
     1>c:\work\brservergit\server\lib\common\stackpool.h(29): warning C4359: 'BR::StackPool': Alignment specifier is less than actual alignment (16), and will be ignored.
     1>c:\work\brservergit\server\lib\common\memorypool.h(123): warning C4359: 'BR::MemoryPool': Alignment specifier is less than actual alignment (16), and will be ignored.
     1>c:\work\brservergit\server\lib\common\objectpool.h(162): warning C4359: 'BR::ObjectPoolMT': Alignment specifier is less than actual alignment (16), and will be ignored.
         NetServerTCP.cpp
     1>c:\work\brservergit\server\lib\common\stackpool.h(29): warning C4359: 'BR::StackPool': Alignment specifier is less than actual alignment (16), and will be ignored.
     1>c:\work\brservergit\server\lib\common\memorypool.h(123): warning C4359: 'BR::MemoryPool': Alignment specifier is less than actual alignment (16), and will be ignored.
     1>c:\work\brservergit\server\lib\common\objectpool.h(162): warning C4359: 'BR::ObjectPoolMT': Alignment specifier is less than actual alignment (16), and will be ignored.
         NetServerPeerTCP.cpp
     1>c:\work\brservergit\server\lib\common\stackpool.h(29): warning C4359: 'BR::StackPool': Alignment specifier is less than actual alignment (16), and will be ignored.
     1>c:\work\brservergit\server\lib\common\memorypool.h(123): warning C4359: 'BR::MemoryPool': Alignment specifier is less than actual alignment (16), and will be ignored.
     1>c:\work\brservergit\server\lib\common\objectpool.h(162): warning C4359: 'BR::ObjectPoolMT': Alignment specifier is less than actual alignment (16), and will be ignored.
         NetServerPeer.cpp
     1>c:\work\brservergit\server\lib\common\stackpool.h(29): warning C4359: 'BR::StackPool': Alignment specifier is less than actual alignment (16), and will be ignored.
     1>c:\work\brservergit\server\lib\common\memorypool.h(123): warning C4359: 'BR::MemoryPool': Alignment specifier is less than actual alignment (16), and will be ignored.
     1>c:\work\brservergit\server\lib\common\objectpool.h(162): warning C4359: 'BR::ObjectPoolMT': Alignment specifier is less than actual alignment (16), and will be ignored.
         NetServerMUDP.cpp
     1>c:\work\brservergit\server\lib\common\stackpool.h(29): warning C4359: 'BR::StackPool': Alignment specifier is less than actual alignment (16), and will be ignored.
     1>c:\work\brservergit\server\lib\common\memorypool.h(123): warning C4359: 'BR::MemoryPool': Alignment specifier is less than actual alignment (16), and will be ignored.
     1>c:\work\brservergit\server\lib\common\objectpool.h(162): warning C4359: 'BR::ObjectPoolMT': Alignment specifier is less than actual alignment (16), and will be ignored.
         NetServer.cpp
     1>c:\work\brservergit\server\lib\common\stackpool.h(29): warning C4359: 'BR::StackPool': Alignment specifier is less than actual alignment (16), and will be ignored.
     1>c:\work\brservergit\server\lib\common\memorypool.h(123): warning C4359: 'BR::MemoryPool': Alignment specifier is less than actual alignment (16), and will be ignored.
     1>c:\work\brservergit\server\lib\common\objectpool.h(162): warning C4359: 'BR::ObjectPoolMT': Alignment specifier is less than actual alignment (16), and will be ignored.
         NetRawUDP.cpp
     1>c:\work\brservergit\server\lib\common\stackpool.h(29): warning C4359: 'BR::StackPool': Alignment specifier is less than actual alignment (16), and will be ignored.
     1>c:\work\brservergit\server\lib\common\memorypool.h(123): warning C4359: 'BR::MemoryPool': Alignment specifier is less than actual alignment (16), and will be ignored.
     1>c:\work\brservergit\server\lib\common\objectpool.h(162): warning C4359: 'BR::ObjectPoolMT': Alignment specifier is less than actual alignment (16), and will be ignored.
         NetPolicy.cpp
         NetCtrl.cpp
         NetDef.cpp
         NetConnectionTask.cpp
     1>c:\work\brservergit\server\lib\common\stackpool.h(29): warning C4359: 'BR::StackPool': Alignment specifier is less than actual alignment (16), and will be ignored.
     1>c:\work\brservergit\server\lib\common\memorypool.h(123): warning C4359: 'BR::MemoryPool': Alignment specifier is less than actual alignment (16), and will be ignored.
     1>c:\work\brservergit\server\lib\common\objectpool.h(162): warning C4359: 'BR::ObjectPoolMT': Alignment specifier is less than actual alignment (16), and will be ignored.
         NetClient.cpp
     1>c:\work\brservergit\server\lib\common\stackpool.h(29): warning C4359: 'BR::StackPool': Alignment specifier is less than actual alignment (16), and will be ignored.
     1>c:\work\brservergit\server\lib\common\memorypool.h(123): warning C4359: 'BR::MemoryPool': Alignment specifier is less than actual alignment (16), and will be ignored.
     1>c:\work\brservergit\server\lib\common\objectpool.h(162): warning C4359: 'BR::ObjectPoolMT': Alignment specifier is less than actual alignment (16), and will be ignored.
         MessageWindow.cpp
     1>c:\work\brservergit\server\lib\common\stackpool.h(29): warning C4359: 'BR::StackPool': Alignment specifier is less than actual alignment (16), and will be ignored.
     1>c:\work\brservergit\server\lib\common\memorypool.h(123): warning C4359: 'BR::MemoryPool': Alignment specifier is less than actual alignment (16), and will be ignored.
     1>c:\work\brservergit\server\lib\common\objectpool.h(162): warning C4359: 'BR::ObjectPoolMT': Alignment specifier is less than actual alignment (16), and will be ignored.
         LoopbackConnection.cpp
     1>c:\work\brservergit\server\lib\common\stackpool.h(29): warning C4359: 'BR::StackPool': Alignment specifier is less than actual alignment (16), and will be ignored.
     1>c:\work\brservergit\server\lib\common\memorypool.h(123): warning C4359: 'BR::MemoryPool': Alignment specifier is less than actual alignment (16), and will be ignored.
     1>c:\work\brservergit\server\lib\common\objectpool.h(162): warning C4359: 'BR::ObjectPoolMT': Alignment specifier is less than actual alignment (16), and will be ignored.
         Connection_PrintMessage.cpp
     1>c:\work\brservergit\server\lib\common\stackpool.h(29): warning C4359: 'BR::StackPool': Alignment specifier is less than actual alignment (16), and will be ignored.
     1>c:\work\brservergit\server\lib\common\memorypool.h(123): warning C4359: 'BR::MemoryPool': Alignment specifier is less than actual alignment (16), and will be ignored.
     1>c:\work\brservergit\server\lib\common\objectpool.h(162): warning C4359: 'BR::ObjectPoolMT': Alignment specifier is less than actual alignment (16), and will be ignored.
         ConnectionUDP.cpp
     1>c:\work\brservergit\server\lib\common\stackpool.h(29): warning C4359: 'BR::StackPool': Alignment specifier is less than actual alignment (16), and will be ignored.
     1>c:\work\brservergit\server\lib\common\memorypool.h(123): warning C4359: 'BR::MemoryPool': Alignment specifier is less than actual alignment (16), and will be ignored.
     1>c:\work\brservergit\server\lib\common\objectpool.h(162): warning C4359: 'BR::ObjectPoolMT': Alignment specifier is less than actual alignment (16), and will be ignored.
         Generating Code...
         Compiling...
         ConnectionTCP.cpp
     1>c:\work\brservergit\server\lib\common\stackpool.h(29): warning C4359: 'BR::StackPool': Alignment specifier is less than actual alignment (16), and will be ignored.
     1>c:\work\brservergit\server\lib\common\memorypool.h(123): warning C4359: 'BR::MemoryPool': Alignment specifier is less than actual alignment (16), and will be ignored.
     1>c:\work\brservergit\server\lib\common\objectpool.h(162): warning C4359: 'BR::ObjectPoolMT': Alignment specifier is less than actual alignment (16), and will be ignored.
         ConnectionPeerTCP.cpp
     1>c:\work\brservergit\server\lib\common\stackpool.h(29): warning C4359: 'BR::StackPool': Alignment specifier is less than actual alignment (16), and will be ignored.
     1>c:\work\brservergit\server\lib\common\memorypool.h(123): warning C4359: 'BR::MemoryPool': Alignment specifier is less than actual alignment (16), and will be ignored.
     1>c:\work\brservergit\server\lib\common\objectpool.h(162): warning C4359: 'BR::ObjectPoolMT': Alignment specifier is less than actual alignment (16), and will be ignored.
         ConnectionMUDP.cpp
     1>c:\work\brservergit\server\lib\common\stackpool.h(29): warning C4359: 'BR::StackPool': Alignment specifier is less than actual alignment (16), and will be ignored.
     1>c:\work\brservergit\server\lib\common\memorypool.h(123): warning C4359: 'BR::MemoryPool': Alignment specifier is less than actual alignment (16), and will be ignored.
     1>c:\work\brservergit\server\lib\common\objectpool.h(162): warning C4359: 'BR::ObjectPoolMT': Alignment specifier is less than actual alignment (16), and will be ignored.
     1>c:\work\brservergit\server\lib\net\connectionmudp.cpp(487): warning C4018: '<': signed/unsigned mismatch
     1>c:\work\brservergit\server\lib\net\connectionmudp.cpp(571): warning C4018: '<': signed/unsigned mismatch
         ConnectionManager.cpp
     1>c:\work\brservergit\server\lib\common\stackpool.h(29): warning C4359: 'BR::StackPool': Alignment specifier is less than actual alignment (16), and will be ignored.
     1>c:\work\brservergit\server\lib\common\memorypool.h(123): warning C4359: 'BR::MemoryPool': Alignment specifier is less than actual alignment (16), and will be ignored.
     1>c:\work\brservergit\server\lib\common\objectpool.h(162): warning C4359: 'BR::ObjectPoolMT': Alignment specifier is less than actual alignment (16), and will be ignored.
     1>c:\work\brservergit\server\lib\net\connectionmanager.cpp(197): warning C4018: '<': signed/unsigned mismatch
     1>c:\work\brservergit\server\lib\common\hashtable2.h(197): warning C4018: '<': signed/unsigned mismatch
         c:\work\brservergit\server\lib\common\hashtable2.h(195): note: while compiling class template member function 'void BR::Hash::HashTable2<UINT64,BR::WeakPointerT<BR::Net::Connection>,BR::Hash::UniqueKeyTrait,BR::ThreadSyncTraitReadWriteT<KeyType,ItemType>,BR::Hash::hash<ULONGLONG>>::SetBucketCount(size_t)'
                 with
                 [
                     KeyType=UINT64,
                     ItemType=BR::WeakPointerT<BR::Net::Connection>
                 ]
         c:\work\brservergit\server\lib\common\hashtable2.h(183): note: see reference to function template instantiation 'void BR::Hash::HashTable2<UINT64,BR::WeakPointerT<BR::Net::Connection>,BR::Hash::UniqueKeyTrait,BR::ThreadSyncTraitReadWriteT<KeyType,ItemType>,BR::Hash::hash<ULONGLONG>>::SetBucketCount(size_t)' being compiled
                 with
                 [
                     KeyType=UINT64,
                     ItemType=BR::WeakPointerT<BR::Net::Connection>
                 ]
         c:\work\brservergit\server\lib\net\connectionmanager.h(144): note: see reference to class template instantiation 'BR::Hash::HashTable2<UINT64,BR::WeakPointerT<BR::Net::Connection>,BR::Hash::UniqueKeyTrait,BR::ThreadSyncTraitReadWriteT<KeyType,ItemType>,BR::Hash::hash<ULONGLONG>>' being compiled
                 with
                 [
                     KeyType=UINT64,
                     ItemType=BR::WeakPointerT<BR::Net::Connection>
                 ]
         Connection.cpp
     1>c:\work\brservergit\server\lib\common\stackpool.h(29): warning C4359: 'BR::StackPool': Alignment specifier is less than actual alignment (16), and will be ignored.
     1>c:\work\brservergit\server\lib\common\memorypool.h(123): warning C4359: 'BR::MemoryPool': Alignment specifier is less than actual alignment (16), and will be ignored.
     1>c:\work\brservergit\server\lib\common\objectpool.h(162): warning C4359: 'BR::ObjectPoolMT': Alignment specifier is less than actual alignment (16), and will be ignored.
         Generating Code...
       Lib:
         C:\Program Files (x86)\Microsoft Visual Studio 14.0\VC\bin\Lib.exe /OUT:"C:\work\BRServerGit\Server\Lib\Net\../../bin/lib/Win32Debug\Net.lib" /NOLOGO Win32Debug\Connection.obj
         Win32Debug\ConnectionManager.obj
         Win32Debug\ConnectionMUDP.obj
         Win32Debug\ConnectionPeerTCP.obj
         Win32Debug\ConnectionTCP.obj
         Win32Debug\ConnectionUDP.obj
         Win32Debug\Connection_PrintMessage.obj
         Win32Debug\LoopbackConnection.obj
         Win32Debug\MessageWindow.obj
         Win32Debug\NetClient.obj
         Win32Debug\NetConnectionTask.obj
         Win32Debug\NetDef.obj
         Win32Debug\NetCtrl.obj
         Win32Debug\NetPolicy.obj
         Win32Debug\NetRawUDP.obj
         Win32Debug\NetServer.obj
         Win32Debug\NetServerMUDP.obj
         Win32Debug\NetServerPeer.obj
         Win32Debug\NetServerPeerTCP.obj
         Win32Debug\NetServerTCP.obj
         Win32Debug\NetServerUDP.obj
         Win32Debug\NetSvrDef.obj
         Win32Debug\NetSystem.obj
         Win32Debug\NetToString.obj
         Win32Debug\NetTrace.obj
         Win32Debug\stdafx.obj
         Net.vcxproj -> C:\work\BRServerGit\Server\Lib\Net\../../bin/lib/Win32Debug\Net.lib
     1>Done Building Project "C:\work\BRServerGit\Server\Lib\Net\Net.vcxproj" (Build target(s)).

Build succeeded.

Time Elapsed 00:00:06.59
