Build started 10/29/2015 12:40:25 AM.
     1>Project "C:\work\BRServerGit\Server\Lib\DB\DB.vcxproj" on node 3 (Build target(s)).
     1>ClCompile:
         C:\Program Files (x86)\Microsoft Visual Studio 14.0\VC\bin\CL.exe /c /I.\ /I..\..\Lib /I..\..\..\External /I..\..\..\External\libxml\include /I..\..\..\External\include /I..\..\..\External\jsoncpp\include /I..\..\..\External\curl7.41\include /I"..\..\..\External\mysql-connector-c-6.1.6-winx64\include" /ZI /nologo /W3 /WX- /Od /Oi /Oy- /D WIN32 /D _DEBUG /D _LIB /D SR_SERVER /D HAVE_CONFIG_H /D HAVE_WIN32_THREADS /D _UNICODE /D UNICODE /D HAVE_CONFIG_H /D HAVE_WIN32_THREADS /D CURL_STATICLIB /D NOMINMAX /D _UNICODE /D UNICODE /D _VARIADIC_MAX=10 /D _UNICODE /D UNICODE /Gm /EHsc /RTC1 /MTd /GS /fp:precise /Zc:wchar_t /Zc:forScope /Zc:inline /Yc"stdafx.h" /Fp"Win32\Debug\DB.pch" /Fo"Win32\Debug\\" /Fd"Win32\Debug\DB.pdb" /Gd /TP /analyze- /errorReport:prompt /Ym0x30000000 stdafx.cpp
         stdafx.cpp
         C:\Program Files (x86)\Microsoft Visual Studio 14.0\VC\bin\CL.exe /c /I.\ /I..\..\Lib /I..\..\..\External /I..\..\..\External\libxml\include /I..\..\..\External\include /I..\..\..\External\jsoncpp\include /I..\..\..\External\curl7.41\include /I"..\..\..\External\mysql-connector-c-6.1.6-winx64\include" /ZI /nologo /W3 /WX- /Od /Oi /Oy- /D WIN32 /D _DEBUG /D _LIB /D SR_SERVER /D HAVE_CONFIG_H /D HAVE_WIN32_THREADS /D _UNICODE /D UNICODE /D HAVE_CONFIG_H /D HAVE_WIN32_THREADS /D CURL_STATICLIB /D NOMINMAX /D _UNICODE /D UNICODE /D _VARIADIC_MAX=10 /D _UNICODE /D UNICODE /Gm /EHsc /RTC1 /MTd /GS /fp:precise /Zc:wchar_t /Zc:forScope /Zc:inline /Yu"stdafx.h" /Fp"Win32\Debug\DB.pch" /Fo"Win32\Debug\\" /Fd"Win32\Debug\DB.pdb" /Gd /TP /analyze- /errorReport:prompt /Ym0x30000000 AccountDB.cpp DataSource.cpp DataSourceMYSQL.cpp DataSourceOLEDB.cpp Factory.cpp FactoryMYSQL.cpp FactoryOLEDB.cpp GameTransactionDB.cpp GameTransactionDBQuery.cpp LoginSessionDB.cpp LoginSessionQuery.cpp QueryMYSQL.cpp QueryWorkerManager.cpp RankingDB.cpp RankingDBQuery.cpp Session.cpp SessionMYSQL.cpp SessionOLEDB.cpp QueryManager.cpp AccountQuery.cpp QueryWorker.cpp DBTrace.cpp GameConspiracyQuery.cpp ShardCoordinatorDBQuery.cpp GameConspiracyDB.cpp
         GameConspiracyDB.cpp
     1>c:\work\brservergit\server\lib\common\stackpool.h(29): warning C4359: 'BR::StackPool': Alignment specifier is less than actual alignment (16), and will be ignored.
     1>c:\work\brservergit\server\lib\common\memorypool.h(123): warning C4359: 'BR::MemoryPool': Alignment specifier is less than actual alignment (16), and will be ignored.
     1>c:\work\brservergit\server\lib\common\objectpool.h(162): warning C4359: 'BR::ObjectPoolMT': Alignment specifier is less than actual alignment (16), and will be ignored.
         ShardCoordinatorDBQuery.cpp
     1>c:\work\brservergit\server\lib\common\stackpool.h(29): warning C4359: 'BR::StackPool': Alignment specifier is less than actual alignment (16), and will be ignored.
     1>c:\work\brservergit\server\lib\common\memorypool.h(123): warning C4359: 'BR::MemoryPool': Alignment specifier is less than actual alignment (16), and will be ignored.
     1>c:\work\brservergit\server\lib\common\objectpool.h(162): warning C4359: 'BR::ObjectPoolMT': Alignment specifier is less than actual alignment (16), and will be ignored.
         GameConspiracyQuery.cpp
     1>c:\work\brservergit\server\lib\common\stackpool.h(29): warning C4359: 'BR::StackPool': Alignment specifier is less than actual alignment (16), and will be ignored.
     1>c:\work\brservergit\server\lib\common\memorypool.h(123): warning C4359: 'BR::MemoryPool': Alignment specifier is less than actual alignment (16), and will be ignored.
     1>c:\work\brservergit\server\lib\common\objectpool.h(162): warning C4359: 'BR::ObjectPoolMT': Alignment specifier is less than actual alignment (16), and will be ignored.
         DBTrace.cpp
     1>c:\work\brservergit\server\lib\common\stackpool.h(29): warning C4359: 'BR::StackPool': Alignment specifier is less than actual alignment (16), and will be ignored.
     1>c:\work\brservergit\server\lib\common\memorypool.h(123): warning C4359: 'BR::MemoryPool': Alignment specifier is less than actual alignment (16), and will be ignored.
     1>c:\work\brservergit\server\lib\common\objectpool.h(162): warning C4359: 'BR::ObjectPoolMT': Alignment specifier is less than actual alignment (16), and will be ignored.
         QueryWorker.cpp
     1>c:\work\brservergit\server\lib\common\stackpool.h(29): warning C4359: 'BR::StackPool': Alignment specifier is less than actual alignment (16), and will be ignored.
     1>c:\work\brservergit\server\lib\common\memorypool.h(123): warning C4359: 'BR::MemoryPool': Alignment specifier is less than actual alignment (16), and will be ignored.
     1>c:\work\brservergit\server\lib\common\objectpool.h(162): warning C4359: 'BR::ObjectPoolMT': Alignment specifier is less than actual alignment (16), and will be ignored.
         AccountQuery.cpp
     1>c:\work\brservergit\server\lib\common\stackpool.h(29): warning C4359: 'BR::StackPool': Alignment specifier is less than actual alignment (16), and will be ignored.
     1>c:\work\brservergit\server\lib\common\memorypool.h(123): warning C4359: 'BR::MemoryPool': Alignment specifier is less than actual alignment (16), and will be ignored.
     1>c:\work\brservergit\server\lib\common\objectpool.h(162): warning C4359: 'BR::ObjectPoolMT': Alignment specifier is less than actual alignment (16), and will be ignored.
         QueryManager.cpp
     1>c:\work\brservergit\server\lib\common\stackpool.h(29): warning C4359: 'BR::StackPool': Alignment specifier is less than actual alignment (16), and will be ignored.
     1>c:\work\brservergit\server\lib\common\memorypool.h(123): warning C4359: 'BR::MemoryPool': Alignment specifier is less than actual alignment (16), and will be ignored.
     1>c:\work\brservergit\server\lib\common\objectpool.h(162): warning C4359: 'BR::ObjectPoolMT': Alignment specifier is less than actual alignment (16), and will be ignored.
     1>c:\work\brservergit\server\lib\db\querymanager.cpp(204): warning C4018: '<': signed/unsigned mismatch
         SessionOLEDB.cpp
         SessionMYSQL.cpp
     1>c:\work\brservergit\server\lib\common\stackpool.h(29): warning C4359: 'BR::StackPool': Alignment specifier is less than actual alignment (16), and will be ignored.
     1>c:\work\brservergit\server\lib\common\memorypool.h(123): warning C4359: 'BR::MemoryPool': Alignment specifier is less than actual alignment (16), and will be ignored.
     1>c:\work\brservergit\server\lib\common\objectpool.h(162): warning C4359: 'BR::ObjectPoolMT': Alignment specifier is less than actual alignment (16), and will be ignored.
     1>c:\work\brservergit\server\lib\db\sessionmysql.cpp(131): warning C4316: 'BR::StackPool': object allocated on the heap may not be aligned 16
         Session.cpp
     1>c:\work\brservergit\server\lib\common\stackpool.h(29): warning C4359: 'BR::StackPool': Alignment specifier is less than actual alignment (16), and will be ignored.
         RankingDBQuery.cpp
     1>c:\work\brservergit\server\lib\common\stackpool.h(29): warning C4359: 'BR::StackPool': Alignment specifier is less than actual alignment (16), and will be ignored.
     1>c:\work\brservergit\server\lib\common\memorypool.h(123): warning C4359: 'BR::MemoryPool': Alignment specifier is less than actual alignment (16), and will be ignored.
     1>c:\work\brservergit\server\lib\common\objectpool.h(162): warning C4359: 'BR::ObjectPoolMT': Alignment specifier is less than actual alignment (16), and will be ignored.
         RankingDB.cpp
     1>c:\work\brservergit\server\lib\common\stackpool.h(29): warning C4359: 'BR::StackPool': Alignment specifier is less than actual alignment (16), and will be ignored.
     1>c:\work\brservergit\server\lib\common\memorypool.h(123): warning C4359: 'BR::MemoryPool': Alignment specifier is less than actual alignment (16), and will be ignored.
     1>c:\work\brservergit\server\lib\common\objectpool.h(162): warning C4359: 'BR::ObjectPoolMT': Alignment specifier is less than actual alignment (16), and will be ignored.
         QueryWorkerManager.cpp
     1>c:\work\brservergit\server\lib\common\stackpool.h(29): warning C4359: 'BR::StackPool': Alignment specifier is less than actual alignment (16), and will be ignored.
     1>c:\work\brservergit\server\lib\common\memorypool.h(123): warning C4359: 'BR::MemoryPool': Alignment specifier is less than actual alignment (16), and will be ignored.
     1>c:\work\brservergit\server\lib\common\objectpool.h(162): warning C4359: 'BR::ObjectPoolMT': Alignment specifier is less than actual alignment (16), and will be ignored.
         QueryMYSQL.cpp
     1>c:\work\brservergit\server\lib\common\stackpool.h(29): warning C4359: 'BR::StackPool': Alignment specifier is less than actual alignment (16), and will be ignored.
     1>c:\work\brservergit\server\lib\common\memorypool.h(123): warning C4359: 'BR::MemoryPool': Alignment specifier is less than actual alignment (16), and will be ignored.
     1>c:\work\brservergit\server\lib\common\objectpool.h(162): warning C4359: 'BR::ObjectPoolMT': Alignment specifier is less than actual alignment (16), and will be ignored.
         LoginSessionQuery.cpp
     1>c:\work\brservergit\server\lib\common\stackpool.h(29): warning C4359: 'BR::StackPool': Alignment specifier is less than actual alignment (16), and will be ignored.
     1>c:\work\brservergit\server\lib\common\memorypool.h(123): warning C4359: 'BR::MemoryPool': Alignment specifier is less than actual alignment (16), and will be ignored.
     1>c:\work\brservergit\server\lib\common\objectpool.h(162): warning C4359: 'BR::ObjectPoolMT': Alignment specifier is less than actual alignment (16), and will be ignored.
         LoginSessionDB.cpp
     1>c:\work\brservergit\server\lib\common\stackpool.h(29): warning C4359: 'BR::StackPool': Alignment specifier is less than actual alignment (16), and will be ignored.
     1>c:\work\brservergit\server\lib\common\memorypool.h(123): warning C4359: 'BR::MemoryPool': Alignment specifier is less than actual alignment (16), and will be ignored.
     1>c:\work\brservergit\server\lib\common\objectpool.h(162): warning C4359: 'BR::ObjectPoolMT': Alignment specifier is less than actual alignment (16), and will be ignored.
         GameTransactionDBQuery.cpp
     1>c:\work\brservergit\server\lib\common\stackpool.h(29): warning C4359: 'BR::StackPool': Alignment specifier is less than actual alignment (16), and will be ignored.
     1>c:\work\brservergit\server\lib\common\memorypool.h(123): warning C4359: 'BR::MemoryPool': Alignment specifier is less than actual alignment (16), and will be ignored.
     1>c:\work\brservergit\server\lib\common\objectpool.h(162): warning C4359: 'BR::ObjectPoolMT': Alignment specifier is less than actual alignment (16), and will be ignored.
         GameTransactionDB.cpp
     1>c:\work\brservergit\server\lib\common\stackpool.h(29): warning C4359: 'BR::StackPool': Alignment specifier is less than actual alignment (16), and will be ignored.
     1>c:\work\brservergit\server\lib\common\memorypool.h(123): warning C4359: 'BR::MemoryPool': Alignment specifier is less than actual alignment (16), and will be ignored.
     1>c:\work\brservergit\server\lib\common\objectpool.h(162): warning C4359: 'BR::ObjectPoolMT': Alignment specifier is less than actual alignment (16), and will be ignored.
         FactoryOLEDB.cpp
         FactoryMYSQL.cpp
     1>c:\work\brservergit\server\lib\common\stackpool.h(29): warning C4359: 'BR::StackPool': Alignment specifier is less than actual alignment (16), and will be ignored.
     1>c:\work\brservergit\server\lib\db\factorymysql.cpp(74): warning C4316: 'BR::DB::DataSourceMYSQL': object allocated on the heap may not be aligned 16
         Generating Code...
         Compiling...
         Factory.cpp
         DataSourceOLEDB.cpp
         DataSourceMYSQL.cpp
     1>c:\work\brservergit\server\lib\common\stackpool.h(29): warning C4359: 'BR::StackPool': Alignment specifier is less than actual alignment (16), and will be ignored.
         DataSource.cpp
     1>c:\work\brservergit\server\lib\common\stackpool.h(29): warning C4359: 'BR::StackPool': Alignment specifier is less than actual alignment (16), and will be ignored.
         AccountDB.cpp
     1>c:\work\brservergit\server\lib\common\stackpool.h(29): warning C4359: 'BR::StackPool': Alignment specifier is less than actual alignment (16), and will be ignored.
     1>c:\work\brservergit\server\lib\common\memorypool.h(123): warning C4359: 'BR::MemoryPool': Alignment specifier is less than actual alignment (16), and will be ignored.
     1>c:\work\brservergit\server\lib\common\objectpool.h(162): warning C4359: 'BR::ObjectPoolMT': Alignment specifier is less than actual alignment (16), and will be ignored.
         Generating Code...
       Lib:
         C:\Program Files (x86)\Microsoft Visual Studio 14.0\VC\bin\Lib.exe /OUT:"C:\work\BRServerGit\Server\Lib\DB\../../bin/lib/Win32Debug\DB.lib" /NOLOGO Win32\Debug\AccountDB.obj
         Win32\Debug\DataSource.obj
         Win32\Debug\DataSourceMYSQL.obj
         Win32\Debug\DataSourceOLEDB.obj
         Win32\Debug\Factory.obj
         Win32\Debug\FactoryMYSQL.obj
         Win32\Debug\FactoryOLEDB.obj
         Win32\Debug\GameTransactionDB.obj
         Win32\Debug\GameTransactionDBQuery.obj
         Win32\Debug\LoginSessionDB.obj
         Win32\Debug\LoginSessionQuery.obj
         Win32\Debug\QueryMYSQL.obj
         Win32\Debug\QueryWorkerManager.obj
         Win32\Debug\RankingDB.obj
         Win32\Debug\RankingDBQuery.obj
         Win32\Debug\Session.obj
         Win32\Debug\SessionMYSQL.obj
         Win32\Debug\SessionOLEDB.obj
         Win32\Debug\QueryManager.obj
         Win32\Debug\AccountQuery.obj
         Win32\Debug\QueryWorker.obj
         Win32\Debug\DBTrace.obj
         Win32\Debug\GameConspiracyQuery.obj
         Win32\Debug\ShardCoordinatorDBQuery.obj
         Win32\Debug\stdafx.obj
         Win32\Debug\GameConspiracyDB.obj
         DB.vcxproj -> C:\work\BRServerGit\Server\Lib\DB\../../bin/lib/Win32Debug\DB.lib
     1>Done Building Project "C:\work\BRServerGit\Server\Lib\DB\DB.vcxproj" (Build target(s)).

Build succeeded.

Time Elapsed 00:00:09.93
