Build started 2015-07-08 오후 10:47:41.
     1>Project "F:\fwork\BRServer\BRServer\Server\Lib\ServerSystem\ServerSystem.vcxproj" on node 3 (Build target(s)).
     1>ClCompile:
         C:\Program Files (x86)\Microsoft Visual Studio 12.0\VC\bin\x86_amd64\CL.exe /c /I.\ /I..\..\Lib /I..\..\..\External /I..\..\..\External\libxml\include /I..\..\..\External\include /I..\..\..\External\jsoncpp\include /I..\..\..\External\curl7.41\include /I"..\..\..\External\MYSQLConnectorC-6.1.6\include" /Zi /nologo /W3 /WX- /Od /Oi /Oy- /D WIN64 /D _DEBUG /D _LIB /D SR_SERVER /D HAVE_CONFIG_H /D HAVE_WIN32_THREADS /D _UNICODE /D UNICODE /D HAVE_CONFIG_H /D HAVE_WIN32_THREADS /D CURL_STATICLIB /D NOMINMAX /D _UNICODE /D UNICODE /D _VARIADIC_MAX=10 /D _MBCS /Gm /EHsc /RTC1 /MDd /GS /fp:precise /Zc:wchar_t /Zc:forScope /Yu"stdafx.h" /Fp"x64Debug\ServerSystem.pch" /Fo"x64Debug\\" /Fd"x64Debug\vc120.pdb" /Gd /TP /errorReport:prompt /Ym0x30000000 BRServer.cpp ServiceEntity\GamePartyEntityTrans.cpp
         BRServer.cpp
         Generating Code...
         Compiling...
         GamePartyEntityTrans.cpp
         Generating Code...
       Lib:
         C:\Program Files (x86)\Microsoft Visual Studio 12.0\VC\bin\x86_amd64\Lib.exe /OUT:"F:\fwork\BRServer\BRServer\Server\Lib\ServerSystem\../../bin/lib/x64Debug\ServerSystem.lib" /NOLOGO /MACHINE:X64 x64Debug\Entity.obj
         x64Debug\EntityManager.obj
         x64Debug\EntityTable.obj
         x64Debug\EntityTimerActions.obj
         x64Debug\EventTask.obj
         x64Debug\ExternalTransactionManager.obj
         x64Debug\ExternalTransaction.obj
         x64Debug\ChattingHistory.obj
         x64Debug\GoogleAndroidDeveloperAPI.obj
         x64Debug\GoogleOAuth.obj
         x64Debug\LoopbackConnection.obj
         x64Debug\MasterEntity.obj
         x64Debug\ParallelTransaction.obj
         x64Debug\PerformanceCounter.obj
         x64Debug\PerformanceCounterClient.obj
         x64Debug\PerformanceCounterInstance.obj
         x64Debug\PerformanceCounterServer.obj
         x64Debug\PlayerEntityInformation.obj
         x64Debug\ServerComponent.obj
         x64Debug\ServerEntity.obj
         x64Debug\ServerEntityManager.obj
         x64Debug\EntityServerEntity.obj
         x64Debug\GameServerEntity.obj
         x64Debug\GameMasterServerEntity.obj
         x64Debug\ClusterServerService.obj
         x64Debug\EntityServerService.obj
         x64Debug\GameInstanceManagerService.obj
         x64Debug\GameInstanceService.obj
         x64Debug\GameMasterServerService.obj
         x64Debug\GamePartyManagerService.obj
         x64Debug\GamePartyService.obj
         x64Debug\GameServerService.obj
         x64Debug\LoginServerService.obj
         x64Debug\PartyMatchingQueueService.obj
         x64Debug\PartyMatchingService.obj
         x64Debug\ServerService.obj
         x64Debug\ClusteredServiceEntity.obj
         x64Debug\ClusterManagerServiceEntity.obj
         x64Debug\ClusterManagerServiceTrans.obj
         x64Debug\ClusterServiceTrans.obj
         x64Debug\EntityInformation.obj
         x64Debug\GameClusterServiceEntity.obj
         x64Debug\GameClusterServiceTrans.obj
         x64Debug\GameInstanceManagerServiceEntity.obj
         x64Debug\GameInstanceManagerServiceTrans.obj
         x64Debug\GamePartyEntity.obj
         x64Debug\GamePartyEntityTrans.obj
         x64Debug\GamePartyManagerServiceEntity.obj
         x64Debug\GamePartyManagerServiceTrans.obj
         x64Debug\LoginClusterServiceEntity.obj
         x64Debug\MatchingQueueServiceEntity.obj
         x64Debug\MatchingQueueServiceTrans.obj
         x64Debug\MatchingServiceEntity.obj
         x64Debug\MatchingServiceTrans.obj
         x64Debug\MatchingServiceUtil.obj
         x64Debug\MonitoringServiceEntity.obj
         x64Debug\MonitoringServiceTrans.obj
         x64Debug\RankingServiceEntity.obj
         x64Debug\RankingServiceTrans.obj
         x64Debug\ServiceEntity.obj
         x64Debug\SimpleEntity.obj
         x64Debug\SimpleUserEntity.obj
         x64Debug\BRServer.obj
         x64Debug\BRService.obj
         x64Debug\stdafx.obj
         x64Debug\SvrConfig.obj
         x64Debug\SvrConst.obj
         x64Debug\SvrTrace.obj
         x64Debug\SvrTypes.obj
         x64Debug\Task.obj
         x64Debug\TaskManager.obj
         x64Debug\TimeScheduler.obj
         x64Debug\Transaction.obj
         x64Debug\ServerTransactionGeneric.obj
         ServerSystem.vcxproj -> F:\fwork\BRServer\BRServer\Server\Lib\ServerSystem\../../bin/lib/x64Debug\ServerSystem.lib
     1>Done Building Project "F:\fwork\BRServer\BRServer\Server\Lib\ServerSystem\ServerSystem.vcxproj" (Build target(s)).

Build succeeded.

Time Elapsed 00:00:05.30
