Build started 2015-07-08 오후 10:47:41.
     1>Project "F:\fwork\BRServer\BRServer\Server\Lib\DB\DB.vcxproj" on node 2 (Build target(s)).
     1>ClCompile:
         C:\Program Files (x86)\Microsoft Visual Studio 12.0\VC\bin\x86_amd64\CL.exe /c /I.\ /I..\..\Lib /I..\..\..\External /I..\..\..\External\libxml\include /I..\..\..\External\include /I..\..\..\External\jsoncpp\include /I..\..\..\External\curl7.41\include /I"..\..\..\External\MYSQLConnectorC-6.1.6\include" /Zi /nologo /W3 /WX- /Od /Oi /Oy- /D WIN64 /D _DEBUG /D _LIB /D SR_SERVER /D HAVE_CONFIG_H /D HAVE_WIN32_THREADS /D _UNICODE /D UNICODE /D HAVE_CONFIG_H /D HAVE_WIN32_THREADS /D CURL_STATICLIB /D NOMINMAX /D _UNICODE /D UNICODE /D _VARIADIC_MAX=10 /D _MBCS /Gm /EHsc /RTC1 /MDd /GS /fp:precise /Zc:wchar_t /Zc:forScope /Yu"stdafx.h" /Fp"x64Debug\DB.pch" /Fo"x64Debug\\" /Fd"x64Debug\vc120.pdb" /Gd /TP /errorReport:prompt /Ym0x30000000 AccountDB.cpp AccountQuery.cpp DBTrace.cpp GameConspiracyDB.cpp GameConspiracyQuery.cpp GameTransactionDB.cpp GameTransactionDBQuery.cpp LoginSessionDB.cpp LoginSessionQuery.cpp QueryManager.cpp QueryWorker.cpp QueryWorkerManager.cpp RankingDB.cpp RankingDBQuery.cpp ShardCoordinatorDBQuery.cpp
         AccountDB.cpp
         Generating Code...
         Compiling...
         ShardCoordinatorDBQuery.cpp
         RankingDBQuery.cpp
         RankingDB.cpp
         QueryWorkerManager.cpp
         QueryWorker.cpp
         QueryManager.cpp
         LoginSessionQuery.cpp
         LoginSessionDB.cpp
         GameTransactionDBQuery.cpp
         GameTransactionDB.cpp
         GameConspiracyQuery.cpp
         GameConspiracyDB.cpp
         DBTrace.cpp
         AccountQuery.cpp
         Generating Code...
       Lib:
         C:\Program Files (x86)\Microsoft Visual Studio 12.0\VC\bin\x86_amd64\Lib.exe /OUT:"F:\fwork\BRServer\BRServer\Server\Lib\DB\../../bin/lib/x64Debug\DB.lib" /NOLOGO /MACHINE:X64 x64Debug\AccountDB.obj
         x64Debug\DataSource.obj
         x64Debug\DataSourceMYSQL.obj
         x64Debug\DataSourceOLEDB.obj
         x64Debug\Factory.obj
         x64Debug\FactoryMYSQL.obj
         x64Debug\FactoryOLEDB.obj
         x64Debug\GameTransactionDB.obj
         x64Debug\GameTransactionDBQuery.obj
         x64Debug\LoginSessionDB.obj
         x64Debug\LoginSessionQuery.obj
         x64Debug\QueryMYSQL.obj
         x64Debug\QueryWorkerManager.obj
         x64Debug\RankingDB.obj
         x64Debug\RankingDBQuery.obj
         x64Debug\Session.obj
         x64Debug\SessionMYSQL.obj
         x64Debug\SessionOLEDB.obj
         x64Debug\QueryManager.obj
         x64Debug\AccountQuery.obj
         x64Debug\QueryWorker.obj
         x64Debug\DBTrace.obj
         x64Debug\GameConspiracyQuery.obj
         x64Debug\ShardCoordinatorDBQuery.obj
         x64Debug\stdafx.obj
         x64Debug\GameConspiracyDB.obj
         DB.vcxproj -> F:\fwork\BRServer\BRServer\Server\Lib\DB\../../bin/lib/x64Debug\DB.lib
     1>Done Building Project "F:\fwork\BRServer\BRServer\Server\Lib\DB\DB.vcxproj" (Build target(s)).

Build succeeded.

Time Elapsed 00:00:08.31
