Build started 2015-07-07 오후 11:51:44.
     1>Project "F:\fwork\BRServer\BRServer\Server\Lib\Net\Net.vcxproj" on node 3 (Build target(s)).
     1>ClCompile:
         C:\Program Files (x86)\Microsoft Visual Studio 12.0\VC\bin\x86_amd64\CL.exe /c /I.\ /I..\..\Lib /I..\..\..\External /I..\..\..\External\libxml\include /I..\..\..\External\include /I..\..\..\External\jsoncpp\include /I..\..\..\External\curl7.41\include /I"..\..\..\External\MYSQLConnectorC-6.1.6\include" /Zi /nologo /W3 /WX- /Od /Oi /Oy- /D WIN64 /D _DEBUG /D _LIB /D SR_SERVER /D HAVE_CONFIG_H /D HAVE_WIN32_THREADS /D _UNICODE /D UNICODE /D HAVE_CONFIG_H /D HAVE_WIN32_THREADS /D CURL_STATICLIB /D NOMINMAX /D _UNICODE /D UNICODE /D _VARIADIC_MAX=10 /D _MBCS /Gm /EHsc /RTC1 /MDd /GS /fp:precise /Zc:wchar_t /Zc:forScope /Yu"stdafx.h" /Fp"x64Debug\Net.pch" /Fo"x64Debug\\" /Fd"x64Debug\vc120.pdb" /Gd /TP /errorReport:prompt /Ym0x30000000 Connection.cpp Connection_PrintMessage.cpp
         Connection.cpp
         Generating Code...
         Compiling...
         Connection_PrintMessage.cpp
         Generating Code...
       Lib:
         C:\Program Files (x86)\Microsoft Visual Studio 12.0\VC\bin\x86_amd64\Lib.exe /OUT:"F:\fwork\BRServer\BRServer\Server\Lib\Net\../../bin/lib/x64Debug\Net.lib" /NOLOGO /MACHINE:X64 x64Debug\Connection.obj
         x64Debug\ConnectionManager.obj
         x64Debug\ConnectionMUDP.obj
         x64Debug\ConnectionPeerTCP.obj
         x64Debug\ConnectionTCP.obj
         x64Debug\ConnectionUDP.obj
         x64Debug\Connection_PrintMessage.obj
         x64Debug\LoopbackConnection.obj
         x64Debug\MessageWindow.obj
         x64Debug\NetClient.obj
         x64Debug\NetConnectionTask.obj
         x64Debug\NetDef.obj
         x64Debug\NetCtrl.obj
         x64Debug\NetPolicy.obj
         x64Debug\NetRawUDP.obj
         x64Debug\NetServer.obj
         x64Debug\NetServerMUDP.obj
         x64Debug\NetServerPeer.obj
         x64Debug\NetServerTCP.obj
         x64Debug\NetServerUDP.obj
         x64Debug\NetSvrDef.obj
         x64Debug\NetSystem.obj
         x64Debug\NetToString.obj
         x64Debug\NetTrace.obj
         x64Debug\stdafx.obj
         x64Debug\NetServerPeerTCP.obj
         Net.vcxproj -> F:\fwork\BRServer\BRServer\Server\Lib\Net\../../bin/lib/x64Debug\Net.lib
     1>Done Building Project "F:\fwork\BRServer\BRServer\Server\Lib\Net\Net.vcxproj" (Build target(s)).

Build succeeded.

Time Elapsed 00:00:01.11
